  glad.c
  imgui_impl_glfw.cpp
  imgui_impl_opengl3.cpp
  imgui.cpp
  imgui_demo.cpp
  imgui_draw.cpp
  imgui_tables.cpp
  imgui_widgets.cpp
  main.cpp
C:\Users\foura\Documents\Visualizer\AudioMarcher\imgui\backends\imgui_impl_opengl3_loader.h(548,9): warning C4005: 'glActiveTexture': macro redefinition
  (compiling source file 'main.cpp')
      C:\Users\foura\Documents\Visualizer\AudioMarcher\Libraries\include\glad\glad.h(2346,9):
      see previous definition of 'glActiveTexture'
  
C:\Users\foura\Documents\Visualizer\AudioMarcher\imgui\backends\imgui_impl_opengl3_loader.h(549,9): warning C4005: 'glAttachShader': macro redefinition
  (compiling source file 'main.cpp')
      C:\Users\foura\Documents\Visualizer\AudioMarcher\Libraries\include\glad\glad.h(2484,9):
      see previous definition of 'glAttachShader'
  
C:\Users\foura\Documents\Visualizer\AudioMarcher\imgui\backends\imgui_impl_opengl3_loader.h(550,9): warning C4005: 'glBindBuffer': macro redefinition
  (compiling source file 'main.cpp')
      C:\Users\foura\Documents\Visualizer\AudioMarcher\Libraries\include\glad\glad.h(2432,9):
      see previous definition of 'glBindBuffer'
  
C:\Users\foura\Documents\Visualizer\AudioMarcher\imgui\backends\imgui_impl_opengl3_loader.h(551,9): warning C4005: 'glBindSampler': macro redefinition
  (compiling source file 'main.cpp')
      C:\Users\foura\Documents\Visualizer\AudioMarcher\Libraries\include\glad\glad.h(3146,9):
      see previous definition of 'glBindSampler'
  
C:\Users\foura\Documents\Visualizer\AudioMarcher\imgui\backends\imgui_impl_opengl3_loader.h(552,9): warning C4005: 'glBindTexture': macro redefinition
  (compiling source file 'main.cpp')
      C:\Users\foura\Documents\Visualizer\AudioMarcher\Libraries\include\glad\glad.h(2314,9):
      see previous definition of 'glBindTexture'
  
C:\Users\foura\Documents\Visualizer\AudioMarcher\imgui\backends\imgui_impl_opengl3_loader.h(553,9): warning C4005: 'glBindVertexArray': macro redefinition
  (compiling source file 'main.cpp')
      C:\Users\foura\Documents\Visualizer\AudioMarcher\Libraries\include\glad\glad.h(3014,9):
      see previous definition of 'glBindVertexArray'
  
C:\Users\foura\Documents\Visualizer\AudioMarcher\imgui\backends\imgui_impl_opengl3_loader.h(554,9): warning C4005: 'glBlendEquation': macro redefinition
  (compiling source file 'main.cpp')
      C:\Users\foura\Documents\Visualizer\AudioMarcher\Libraries\include\glad\glad.h(2401,9):
      see previous definition of 'glBlendEquation'
  
C:\Users\foura\Documents\Visualizer\AudioMarcher\imgui\backends\imgui_impl_opengl3_loader.h(555,9): warning C4005: 'glBlendEquationSeparate': macro redefinition
  (compiling source file 'main.cpp')
      C:\Users\foura\Documents\Visualizer\AudioMarcher\Libraries\include\glad\glad.h(2469,9):
      see previous definition of 'glBlendEquationSeparate'
  
C:\Users\foura\Documents\Visualizer\AudioMarcher\imgui\backends\imgui_impl_opengl3_loader.h(556,9): warning C4005: 'glBlendFuncSeparate': macro redefinition
  (compiling source file 'main.cpp')
      C:\Users\foura\Documents\Visualizer\AudioMarcher\Libraries\include\glad\glad.h(2377,9):
      see previous definition of 'glBlendFuncSeparate'
  
C:\Users\foura\Documents\Visualizer\AudioMarcher\imgui\backends\imgui_impl_opengl3_loader.h(557,9): warning C4005: 'glBufferData': macro redefinition
  (compiling source file 'main.cpp')
      C:\Users\foura\Documents\Visualizer\AudioMarcher\Libraries\include\glad\glad.h(2444,9):
      see previous definition of 'glBufferData'
  
C:\Users\foura\Documents\Visualizer\AudioMarcher\imgui\backends\imgui_impl_opengl3_loader.h(558,9): warning C4005: 'glBufferSubData': macro redefinition
  (compiling source file 'main.cpp')
      C:\Users\foura\Documents\Visualizer\AudioMarcher\Libraries\include\glad\glad.h(2447,9):
      see previous definition of 'glBufferSubData'
  
C:\Users\foura\Documents\Visualizer\AudioMarcher\imgui\backends\imgui_impl_opengl3_loader.h(559,9): warning C4005: 'glClear': macro redefinition
  (compiling source file 'main.cpp')
      C:\Users\foura\Documents\Visualizer\AudioMarcher\Libraries\include\glad\glad.h(2181,9):
      see previous definition of 'glClear'
  
C:\Users\foura\Documents\Visualizer\AudioMarcher\imgui\backends\imgui_impl_opengl3_loader.h(560,9): warning C4005: 'glClearColor': macro redefinition
  (compiling source file 'main.cpp')
      C:\Users\foura\Documents\Visualizer\AudioMarcher\Libraries\include\glad\glad.h(2184,9):
      see previous definition of 'glClearColor'
  
C:\Users\foura\Documents\Visualizer\AudioMarcher\imgui\backends\imgui_impl_opengl3_loader.h(561,9): warning C4005: 'glCompileShader': macro redefinition
  (compiling source file 'main.cpp')
      C:\Users\foura\Documents\Visualizer\AudioMarcher\Libraries\include\glad\glad.h(2490,9):
      see previous definition of 'glCompileShader'
  
C:\Users\foura\Documents\Visualizer\AudioMarcher\imgui\backends\imgui_impl_opengl3_loader.h(562,9): warning C4005: 'glCreateProgram': macro redefinition
  (compiling source file 'main.cpp')
      C:\Users\foura\Documents\Visualizer\AudioMarcher\Libraries\include\glad\glad.h(2493,9):
      see previous definition of 'glCreateProgram'
  
C:\Users\foura\Documents\Visualizer\AudioMarcher\imgui\backends\imgui_impl_opengl3_loader.h(563,9): warning C4005: 'glCreateShader': macro redefinition
  (compiling source file 'main.cpp')
      C:\Users\foura\Documents\Visualizer\AudioMarcher\Libraries\include\glad\glad.h(2496,9):
      see previous definition of 'glCreateShader'
  
C:\Users\foura\Documents\Visualizer\AudioMarcher\imgui\backends\imgui_impl_opengl3_loader.h(564,9): warning C4005: 'glDeleteBuffers': macro redefinition
  (compiling source file 'main.cpp')
      C:\Users\foura\Documents\Visualizer\AudioMarcher\Libraries\include\glad\glad.h(2435,9):
      see previous definition of 'glDeleteBuffers'
  
C:\Users\foura\Documents\Visualizer\AudioMarcher\imgui\backends\imgui_impl_opengl3_loader.h(565,9): warning C4005: 'glDeleteProgram': macro redefinition
  (compiling source file 'main.cpp')
      C:\Users\foura\Documents\Visualizer\AudioMarcher\Libraries\include\glad\glad.h(2499,9):
      see previous definition of 'glDeleteProgram'
  
C:\Users\foura\Documents\Visualizer\AudioMarcher\imgui\backends\imgui_impl_opengl3_loader.h(566,9): warning C4005: 'glDeleteShader': macro redefinition
  (compiling source file 'main.cpp')
      C:\Users\foura\Documents\Visualizer\AudioMarcher\Libraries\include\glad\glad.h(2502,9):
      see previous definition of 'glDeleteShader'
  
C:\Users\foura\Documents\Visualizer\AudioMarcher\imgui\backends\imgui_impl_opengl3_loader.h(567,9): warning C4005: 'glDeleteTextures': macro redefinition
  (compiling source file 'main.cpp')
      C:\Users\foura\Documents\Visualizer\AudioMarcher\Libraries\include\glad\glad.h(2317,9):
      see previous definition of 'glDeleteTextures'
  
C:\Users\foura\Documents\Visualizer\AudioMarcher\imgui\backends\imgui_impl_opengl3_loader.h(568,9): warning C4005: 'glDeleteVertexArrays': macro redefinition
  (compiling source file 'main.cpp')
      C:\Users\foura\Documents\Visualizer\AudioMarcher\Libraries\include\glad\glad.h(3017,9):
      see previous definition of 'glDeleteVertexArrays'
  
C:\Users\foura\Documents\Visualizer\AudioMarcher\imgui\backends\imgui_impl_opengl3_loader.h(569,9): warning C4005: 'glDetachShader': macro redefinition
  (compiling source file 'main.cpp')
      C:\Users\foura\Documents\Visualizer\AudioMarcher\Libraries\include\glad\glad.h(2505,9):
      see previous definition of 'glDetachShader'
  
C:\Users\foura\Documents\Visualizer\AudioMarcher\imgui\backends\imgui_impl_opengl3_loader.h(570,9): warning C4005: 'glDisable': macro redefinition
  (compiling source file 'main.cpp')
      C:\Users\foura\Documents\Visualizer\AudioMarcher\Libraries\include\glad\glad.h(2202,9):
      see previous definition of 'glDisable'
  
C:\Users\foura\Documents\Visualizer\AudioMarcher\imgui\backends\imgui_impl_opengl3_loader.h(571,9): warning C4005: 'glDisableVertexAttribArray': macro redefinition
  (compiling source file 'main.cpp')
      C:\Users\foura\Documents\Visualizer\AudioMarcher\Libraries\include\glad\glad.h(2508,9):
      see previous definition of 'glDisableVertexAttribArray'
  
C:\Users\foura\Documents\Visualizer\AudioMarcher\imgui\backends\imgui_impl_opengl3_loader.h(572,9): warning C4005: 'glDrawElements': macro redefinition
  (compiling source file 'main.cpp')
      C:\Users\foura\Documents\Visualizer\AudioMarcher\Libraries\include\glad\glad.h(2290,9):
      see previous definition of 'glDrawElements'
  
C:\Users\foura\Documents\Visualizer\AudioMarcher\imgui\backends\imgui_impl_opengl3_loader.h(573,9): warning C4005: 'glDrawElementsBaseVertex': macro redefinition
  (compiling source file 'main.cpp')
      C:\Users\foura\Documents\Visualizer\AudioMarcher\Libraries\include\glad\glad.h(3070,9):
      see previous definition of 'glDrawElementsBaseVertex'
  
C:\Users\foura\Documents\Visualizer\AudioMarcher\imgui\backends\imgui_impl_opengl3_loader.h(574,9): warning C4005: 'glEnable': macro redefinition
  (compiling source file 'main.cpp')
      C:\Users\foura\Documents\Visualizer\AudioMarcher\Libraries\include\glad\glad.h(2205,9):
      see previous definition of 'glEnable'
  
C:\Users\foura\Documents\Visualizer\AudioMarcher\imgui\backends\imgui_impl_opengl3_loader.h(575,9): warning C4005: 'glEnableVertexAttribArray': macro redefinition
  (compiling source file 'main.cpp')
      C:\Users\foura\Documents\Visualizer\AudioMarcher\Libraries\include\glad\glad.h(2511,9):
      see previous definition of 'glEnableVertexAttribArray'
  
C:\Users\foura\Documents\Visualizer\AudioMarcher\imgui\backends\imgui_impl_opengl3_loader.h(576,9): warning C4005: 'glFlush': macro redefinition
  (compiling source file 'main.cpp')
      C:\Users\foura\Documents\Visualizer\AudioMarcher\Libraries\include\glad\glad.h(2211,9):
      see previous definition of 'glFlush'
  
C:\Users\foura\Documents\Visualizer\AudioMarcher\imgui\backends\imgui_impl_opengl3_loader.h(577,9): warning C4005: 'glGenBuffers': macro redefinition
  (compiling source file 'main.cpp')
      C:\Users\foura\Documents\Visualizer\AudioMarcher\Libraries\include\glad\glad.h(2438,9):
      see previous definition of 'glGenBuffers'
  
C:\Users\foura\Documents\Visualizer\AudioMarcher\imgui\backends\imgui_impl_opengl3_loader.h(578,9): warning C4005: 'glGenTextures': macro redefinition
  (compiling source file 'main.cpp')
      C:\Users\foura\Documents\Visualizer\AudioMarcher\Libraries\include\glad\glad.h(2320,9):
      see previous definition of 'glGenTextures'
  
C:\Users\foura\Documents\Visualizer\AudioMarcher\imgui\backends\imgui_impl_opengl3_loader.h(579,9): warning C4005: 'glGenVertexArrays': macro redefinition
  (compiling source file 'main.cpp')
      C:\Users\foura\Documents\Visualizer\AudioMarcher\Libraries\include\glad\glad.h(3020,9):
      see previous definition of 'glGenVertexArrays'
  
C:\Users\foura\Documents\Visualizer\AudioMarcher\imgui\backends\imgui_impl_opengl3_loader.h(580,9): warning C4005: 'glGetAttribLocation': macro redefinition
  (compiling source file 'main.cpp')
      C:\Users\foura\Documents\Visualizer\AudioMarcher\Libraries\include\glad\glad.h(2523,9):
      see previous definition of 'glGetAttribLocation'
  
C:\Users\foura\Documents\Visualizer\AudioMarcher\imgui\backends\imgui_impl_opengl3_loader.h(581,9): warning C4005: 'glGetError': macro redefinition
  (compiling source file 'main.cpp')
      C:\Users\foura\Documents\Visualizer\AudioMarcher\Libraries\include\glad\glad.h(2247,9):
      see previous definition of 'glGetError'
  
C:\Users\foura\Documents\Visualizer\AudioMarcher\imgui\backends\imgui_impl_opengl3_loader.h(582,9): warning C4005: 'glGetIntegerv': macro redefinition
  (compiling source file 'main.cpp')
      C:\Users\foura\Documents\Visualizer\AudioMarcher\Libraries\include\glad\glad.h(2253,9):
      see previous definition of 'glGetIntegerv'
  
C:\Users\foura\Documents\Visualizer\AudioMarcher\imgui\backends\imgui_impl_opengl3_loader.h(583,9): warning C4005: 'glGetProgramInfoLog': macro redefinition
  (compiling source file 'main.cpp')
      C:\Users\foura\Documents\Visualizer\AudioMarcher\Libraries\include\glad\glad.h(2529,9):
      see previous definition of 'glGetProgramInfoLog'
  
C:\Users\foura\Documents\Visualizer\AudioMarcher\imgui\backends\imgui_impl_opengl3_loader.h(584,9): warning C4005: 'glGetProgramiv': macro redefinition
  (compiling source file 'main.cpp')
      C:\Users\foura\Documents\Visualizer\AudioMarcher\Libraries\include\glad\glad.h(2526,9):
      see previous definition of 'glGetProgramiv'
  
C:\Users\foura\Documents\Visualizer\AudioMarcher\imgui\backends\imgui_impl_opengl3_loader.h(585,9): warning C4005: 'glGetShaderInfoLog': macro redefinition
  (compiling source file 'main.cpp')
      C:\Users\foura\Documents\Visualizer\AudioMarcher\Libraries\include\glad\glad.h(2535,9):
      see previous definition of 'glGetShaderInfoLog'
  
C:\Users\foura\Documents\Visualizer\AudioMarcher\imgui\backends\imgui_impl_opengl3_loader.h(586,9): warning C4005: 'glGetShaderiv': macro redefinition
  (compiling source file 'main.cpp')
      C:\Users\foura\Documents\Visualizer\AudioMarcher\Libraries\include\glad\glad.h(2532,9):
      see previous definition of 'glGetShaderiv'
  
C:\Users\foura\Documents\Visualizer\AudioMarcher\imgui\backends\imgui_impl_opengl3_loader.h(587,9): warning C4005: 'glGetString': macro redefinition
  (compiling source file 'main.cpp')
      C:\Users\foura\Documents\Visualizer\AudioMarcher\Libraries\include\glad\glad.h(2256,9):
      see previous definition of 'glGetString'
  
C:\Users\foura\Documents\Visualizer\AudioMarcher\imgui\backends\imgui_impl_opengl3_loader.h(588,9): warning C4005: 'glGetStringi': macro redefinition
  (compiling source file 'main.cpp')
      C:\Users\foura\Documents\Visualizer\AudioMarcher\Libraries\include\glad\glad.h(2945,9):
      see previous definition of 'glGetStringi'
  
C:\Users\foura\Documents\Visualizer\AudioMarcher\imgui\backends\imgui_impl_opengl3_loader.h(589,9): warning C4005: 'glGetUniformLocation': macro redefinition
  (compiling source file 'main.cpp')
      C:\Users\foura\Documents\Visualizer\AudioMarcher\Libraries\include\glad\glad.h(2541,9):
      see previous definition of 'glGetUniformLocation'
  
C:\Users\foura\Documents\Visualizer\AudioMarcher\imgui\backends\imgui_impl_opengl3_loader.h(590,9): warning C4005: 'glGetVertexAttribPointerv': macro redefinition
  (compiling source file 'main.cpp')
      C:\Users\foura\Documents\Visualizer\AudioMarcher\Libraries\include\glad\glad.h(2559,9):
      see previous definition of 'glGetVertexAttribPointerv'
  
C:\Users\foura\Documents\Visualizer\AudioMarcher\imgui\backends\imgui_impl_opengl3_loader.h(591,9): warning C4005: 'glGetVertexAttribiv': macro redefinition
  (compiling source file 'main.cpp')
      C:\Users\foura\Documents\Visualizer\AudioMarcher\Libraries\include\glad\glad.h(2556,9):
      see previous definition of 'glGetVertexAttribiv'
  
C:\Users\foura\Documents\Visualizer\AudioMarcher\imgui\backends\imgui_impl_opengl3_loader.h(592,9): warning C4005: 'glIsEnabled': macro redefinition
  (compiling source file 'main.cpp')
      C:\Users\foura\Documents\Visualizer\AudioMarcher\Libraries\include\glad\glad.h(2274,9):
      see previous definition of 'glIsEnabled'
  
C:\Users\foura\Documents\Visualizer\AudioMarcher\imgui\backends\imgui_impl_opengl3_loader.h(593,9): warning C4005: 'glIsProgram': macro redefinition
  (compiling source file 'main.cpp')
      C:\Users\foura\Documents\Visualizer\AudioMarcher\Libraries\include\glad\glad.h(2562,9):
      see previous definition of 'glIsProgram'
  
C:\Users\foura\Documents\Visualizer\AudioMarcher\imgui\backends\imgui_impl_opengl3_loader.h(594,9): warning C4005: 'glLinkProgram': macro redefinition
  (compiling source file 'main.cpp')
      C:\Users\foura\Documents\Visualizer\AudioMarcher\Libraries\include\glad\glad.h(2568,9):
      see previous definition of 'glLinkProgram'
  
C:\Users\foura\Documents\Visualizer\AudioMarcher\imgui\backends\imgui_impl_opengl3_loader.h(595,9): warning C4005: 'glPixelStorei': macro redefinition
  (compiling source file 'main.cpp')
      C:\Users\foura\Documents\Visualizer\AudioMarcher\Libraries\include\glad\glad.h(2232,9):
      see previous definition of 'glPixelStorei'
  
C:\Users\foura\Documents\Visualizer\AudioMarcher\imgui\backends\imgui_impl_opengl3_loader.h(596,9): warning C4005: 'glPolygonMode': macro redefinition
  (compiling source file 'main.cpp')
      C:\Users\foura\Documents\Visualizer\AudioMarcher\Libraries\include\glad\glad.h(2154,9):
      see previous definition of 'glPolygonMode'
  
C:\Users\foura\Documents\Visualizer\AudioMarcher\imgui\backends\imgui_impl_opengl3_loader.h(597,9): warning C4005: 'glReadPixels': macro redefinition
  (compiling source file 'main.cpp')
      C:\Users\foura\Documents\Visualizer\AudioMarcher\Libraries\include\glad\glad.h(2238,9):
      see previous definition of 'glReadPixels'
  
C:\Users\foura\Documents\Visualizer\AudioMarcher\imgui\backends\imgui_impl_opengl3_loader.h(598,9): warning C4005: 'glScissor': macro redefinition
  (compiling source file 'main.cpp')
      C:\Users\foura\Documents\Visualizer\AudioMarcher\Libraries\include\glad\glad.h(2157,9):
      see previous definition of 'glScissor'
  
C:\Users\foura\Documents\Visualizer\AudioMarcher\imgui\backends\imgui_impl_opengl3_loader.h(599,9): warning C4005: 'glShaderSource': macro redefinition
  (compiling source file 'main.cpp')
      C:\Users\foura\Documents\Visualizer\AudioMarcher\Libraries\include\glad\glad.h(2571,9):
      see previous definition of 'glShaderSource'
  
C:\Users\foura\Documents\Visualizer\AudioMarcher\imgui\backends\imgui_impl_opengl3_loader.h(600,9): warning C4005: 'glTexImage2D': macro redefinition
  (compiling source file 'main.cpp')
      C:\Users\foura\Documents\Visualizer\AudioMarcher\Libraries\include\glad\glad.h(2175,9):
      see previous definition of 'glTexImage2D'
  
C:\Users\foura\Documents\Visualizer\AudioMarcher\imgui\backends\imgui_impl_opengl3_loader.h(601,9): warning C4005: 'glTexParameteri': macro redefinition
  (compiling source file 'main.cpp')
      C:\Users\foura\Documents\Visualizer\AudioMarcher\Libraries\include\glad\glad.h(2166,9):
      see previous definition of 'glTexParameteri'
  
C:\Users\foura\Documents\Visualizer\AudioMarcher\imgui\backends\imgui_impl_opengl3_loader.h(602,9): warning C4005: 'glUniform1i': macro redefinition
  (compiling source file 'main.cpp')
      C:\Users\foura\Documents\Visualizer\AudioMarcher\Libraries\include\glad\glad.h(2589,9):
      see previous definition of 'glUniform1i'
  
C:\Users\foura\Documents\Visualizer\AudioMarcher\imgui\backends\imgui_impl_opengl3_loader.h(603,9): warning C4005: 'glUniformMatrix4fv': macro redefinition
  (compiling source file 'main.cpp')
      C:\Users\foura\Documents\Visualizer\AudioMarcher\Libraries\include\glad\glad.h(2631,9):
      see previous definition of 'glUniformMatrix4fv'
  
C:\Users\foura\Documents\Visualizer\AudioMarcher\imgui\backends\imgui_impl_opengl3_loader.h(604,9): warning C4005: 'glUseProgram': macro redefinition
  (compiling source file 'main.cpp')
      C:\Users\foura\Documents\Visualizer\AudioMarcher\Libraries\include\glad\glad.h(2574,9):
      see previous definition of 'glUseProgram'
  
C:\Users\foura\Documents\Visualizer\AudioMarcher\imgui\backends\imgui_impl_opengl3_loader.h(605,9): warning C4005: 'glVertexAttribPointer': macro redefinition
  (compiling source file 'main.cpp')
      C:\Users\foura\Documents\Visualizer\AudioMarcher\Libraries\include\glad\glad.h(2745,9):
      see previous definition of 'glVertexAttribPointer'
  
C:\Users\foura\Documents\Visualizer\AudioMarcher\imgui\backends\imgui_impl_opengl3_loader.h(606,9): warning C4005: 'glViewport': macro redefinition
  (compiling source file 'main.cpp')
      C:\Users\foura\Documents\Visualizer\AudioMarcher\Libraries\include\glad\glad.h(2280,9):
      see previous definition of 'glViewport'
  
C:\Users\foura\Documents\Visualizer\AudioMarcher\main.cpp(50,35): warning C4244: 'initializing': conversion from 'double' to 'int', possible loss of data
C:\Users\foura\Documents\Visualizer\AudioMarcher\main.cpp(50,24): warning C4244: 'initializing': conversion from 'double' to 'const int', possible loss of data
C:\Users\foura\Documents\Visualizer\AudioMarcher\main.cpp(83,17): warning C4244: 'initializing': conversion from 'std::streamoff' to 'int', possible loss of data
C:\Program Files\Microsoft Visual Studio\2022\Community\VC\Tools\MSVC\14.42.34433\include\xutility(5043,31): warning C4244: '=': conversion from 'double' to 'float', possible loss of data
  (compiling source file 'main.cpp')
      C:\Program Files\Microsoft Visual Studio\2022\Community\VC\Tools\MSVC\14.42.34433\include\xutility(5043,31):
      the template instantiation context (the oldest one first) is
          C:\Users\foura\Documents\Visualizer\AudioMarcher\main.cpp(325,14):
          see reference to function template instantiation '_OutIt *std::move<double*,float*>(_InIt,_InIt,_OutIt)' being compiled
          with
          [
              _OutIt=float *,
              _InIt=double *
          ]
          C:\Program Files\Microsoft Visual Studio\2022\Community\VC\Tools\MSVC\14.42.34433\include\xutility(5057,36):
          see reference to function template instantiation '_OutIt std::_Move_unchecked<_InIt,_OutIt>(_InIt,_InIt,_OutIt)' being compiled
          with
          [
              _OutIt=float *,
              _InIt=double *
          ]
  
  utils.cpp
LINK : warning LNK4098: defaultlib 'MSVCRTD' conflicts with use of other libs; use /NODEFAULTLIB:library
  Generating code
  Previous IPDB not found, fall back to full compilation.
  All 2265 functions were compiled because no usable IPDB/IOBJ from previous compilation was found.
  Finished generating code
  AudioMarcher.vcxproj -> C:\Users\foura\Documents\Visualizer\AudioMarcher\x64\Release\AudioMarcher.exe
